# JRE version: OpenJDK Runtime Environment (11.0.10) (build 11.0.10+0-b96-7249189)
# Java VM: OpenJDK 64-Bit Server VM (11.0.10+0-b96-7249189, mixed mode, tiered, compressed oops, g1 gc, windows-amd64)
Heap:
 garbage-first heap   total 262144K, used 121534K [0x0000000080000000, 0x0000000100000000)
  region size 1024K, 80 young (81920K), 11 survivors (11264K)
 Metaspace       used 78148K, capacity 80144K, committed 80252K, reserved 1118208K
  class space    used 10239K, capacity 11005K, committed 11008K, reserved 1048576K
GC Heap History (16 events):
Event: 0.340 GC heap before
{Heap before GC invocations=0 (full 0):
 garbage-first heap   total 262144K, used 29696K [0x0000000080000000, 0x0000000100000000)
  region size 1024K, 24 young (24576K), 0 survivors (0K)
 Metaspace       used 9813K, capacity 9962K, committed 10112K, reserved 1058816K
  class space    used 1017K, capacity 1070K, committed 1152K, reserved 1048576K
}
Event: 0.342 GC heap after
{Heap after GC invocations=1 (full 0):
 garbage-first heap   total 262144K, used 9099K [0x0000000080000000, 0x0000000100000000)
  region size 1024K, 3 young (3072K), 3 survivors (3072K)
 Metaspace       used 9813K, capacity 9962K, committed 10112K, reserved 1058816K
  class space    used 1017K, capacity 1070K, committed 1152K, reserved 1048576K
}
Event: 1.180 GC heap before
{Heap before GC invocations=1 (full 0):
 garbage-first heap   total 262144K, used 106379K [0x0000000080000000, 0x0000000100000000)
  region size 1024K, 99 young (101376K), 3 survivors (3072K)
 Metaspace       used 20685K, capacity 21158K, committed 21296K, reserved 1069056K
  class space    used 2512K, capacity 2688K, committed 2688K, reserved 1048576K
}
Event: 1.186 GC heap after
{Heap after GC invocations=2 (full 0):
 garbage-first heap   total 262144K, used 16168K [0x0000000080000000, 0x0000000100000000)
  region size 1024K, 10 young (10240K), 10 survivors (10240K)
 Metaspace       used 20685K, capacity 21158K, committed 21296K, reserved 1069056K
  class space    used 2512K, capacity 2688K, committed 2688K, reserved 1048576K
}
Event: 1.422 GC heap before
{Heap before GC invocations=3 (full 0):
 garbage-first heap   total 262144K, used 53032K [0x0000000080000000, 0x0000000100000000)
  region size 1024K, 46 young (47104K), 10 survivors (10240K)
 Metaspace       used 24175K, capacity 24828K, committed 25008K, reserved 1071104K
  class space    used 3097K, capacity 3319K, committed 3328K, reserved 1048576K
}
Event: 1.425 GC heap after
{Heap after GC invocations=4 (full 0):
 garbage-first heap   total 262144K, used 17433K [0x0000000080000000, 0x0000000100000000)
  region size 1024K, 2 young (2048K), 2 survivors (2048K)
 Metaspace       used 24175K, capacity 24828K, committed 25008K, reserved 1071104K
  class space    used 3097K, capacity 3319K, committed 3328K, reserved 1048576K
}
Event: 1.998 GC heap before
{Heap before GC invocations=4 (full 0):
 garbage-first heap   total 262144K, used 90137K [0x0000000080000000, 0x0000000100000000)
  region size 1024K, 74 young (75776K), 2 survivors (2048K)
 Metaspace       used 34800K, capacity 35614K, committed 35708K, reserved 1081344K
  class space    used 4522K, capacity 4832K, committed 4864K, reserved 1048576K
}
Event: 2.002 GC heap after
{Heap after GC invocations=5 (full 0):
 garbage-first heap   total 262144K, used 21414K [0x0000000080000000, 0x0000000100000000)
  region size 1024K, 6 young (6144K), 6 survivors (6144K)
 Metaspace       used 34800K, capacity 35614K, committed 35708K, reserved 1081344K
  class space    used 4522K, capacity 4832K, committed 4864K, reserved 1048576K
}
Event: 2.645 GC heap before
{Heap before GC invocations=6 (full 0):
 garbage-first heap   total 262144K, used 126886K [0x0000000080000000, 0x0000000100000000)
  region size 1024K, 106 young (108544K), 6 survivors (6144K)
 Metaspace       used 43476K, capacity 44598K, committed 44796K, reserved 1087488K
  class space    used 5536K, capacity 5897K, committed 6016K, reserved 1048576K
}
Event: 2.650 GC heap after
{Heap after GC invocations=7 (full 0):
 garbage-first heap   total 262144K, used 27711K [0x0000000080000000, 0x0000000100000000)
  region size 1024K, 12 young (12288K), 12 survivors (12288K)
 Metaspace       used 43476K, capacity 44598K, committed 44796K, reserved 1087488K
  class space    used 5536K, capacity 5897K, committed 6016K, reserved 1048576K
}
Event: 4.200 GC heap before
{Heap before GC invocations=7 (full 0):
 garbage-first heap   total 262144K, used 175167K [0x0000000080000000, 0x0000000100000000)
  region size 1024K, 153 young (156672K), 12 survivors (12288K)
 Metaspace       used 56777K, capacity 58272K, committed 58364K, reserved 1099776K
  class space    used 7198K, capacity 7746K, committed 7808K, reserved 1048576K
}
Event: 4.208 GC heap after
{Heap after GC invocations=8 (full 0):
 garbage-first heap   total 262144K, used 42968K [0x0000000080000000, 0x0000000100000000)
  region size 1024K, 18 young (18432K), 18 survivors (18432K)
 Metaspace       used 56777K, capacity 58272K, committed 58364K, reserved 1099776K
  class space    used 7198K, capacity 7746K, committed 7808K, reserved 1048576K
}
Event: 4.276 GC heap before
{Heap before GC invocations=8 (full 0):
 garbage-first heap   total 262144K, used 50136K [0x0000000080000000, 0x0000000100000000)
  region size 1024K, 26 young (26624K), 18 survivors (18432K)
 Metaspace       used 58221K, capacity 59783K, committed 59900K, reserved 1101824K
  class space    used 7391K, capacity 7951K, committed 8064K, reserved 1048576K
}
Event: 4.289 GC heap after
{Heap after GC invocations=9 (full 0):
 garbage-first heap   total 262144K, used 44169K [0x0000000080000000, 0x0000000100000000)
  region size 1024K, 3 young (3072K), 3 survivors (3072K)
 Metaspace       used 58221K, capacity 59783K, committed 59900K, reserved 1101824K
  class space    used 7391K, capacity 7951K, committed 8064K, reserved 1048576K
}
Event: 5.649 GC heap before
{Heap before GC invocations=10 (full 0):
 garbage-first heap   total 262144K, used 187529K [0x0000000080000000, 0x0000000100000000)
  region size 1024K, 143 young (146432K), 3 survivors (3072K)
 Metaspace       used 71471K, capacity 73202K, committed 73340K, reserved 1112064K
  class space    used 9291K, capacity 9946K, committed 9984K, reserved 1048576K
}
Event: 5.653 GC heap after
{Heap after GC invocations=11 (full 0):
 garbage-first heap   total 262144K, used 52926K [0x0000000080000000, 0x0000000100000000)
  region size 1024K, 11 young (11264K), 11 survivors (11264K)
 Metaspace       used 71471K, capacity 73202K, committed 73340K, reserved 1112064K
  class space    used 9291K, capacity 9946K, committed 9984K, reserved 1048576K
}

